The system is: Windows - 10.0.19043 - AMD64
Compiling the C compiler identification source file "CMakeCCompilerId.c" succeeded.
Compiler: E:/Apps/Microsoft Visual Studio/2019/Professional/VC/Tools/MSVC/14.28.29910/bin/Hostx86/x86/cl.exe 
Build flags: 
Id flags:  

The output was:
0
Microsoft (R) C/C++ Optimizing Compiler Version 19.28.29915 for x86
Copyright (C) Microsoft Corporation.  All rights reserved.

CMakeCCompilerId.c
Microsoft (R) Incremental Linker Version 14.28.29915.0
Copyright (C) Microsoft Corporation.  All rights reserved.

/out:CMakeCCompilerId.exe 
CMakeCCompilerId.obj 


Compilation of the C compiler identification source "CMakeCCompilerId.c" produced "CMakeCCompilerId.exe"

Compilation of the C compiler identification source "CMakeCCompilerId.c" produced "CMakeCCompilerId.obj"

The C compiler identification is MSVC, found in "D:/UCSC/Year_1/C/Assignment 1/cmake-build-debug/CMakeFiles/3.19.2/CompilerIdC/CMakeCCompilerId.exe"

Detecting C compiler ABI info compiled with the following output:
Change Dir: D:/UCSC/Year_1/C/Assignment 1/cmake-build-debug/CMakeFiles/CMakeTmp

Run Build Command(s):nmake /nologo cmTC_a6d53\fast && 	"E:\Apps\Microsoft Visual Studio\2019\Professional\VC\Tools\MSVC\14.28.29910\bin\HostX86\x86\nmake.exe"  -f CMakeFiles\cmTC_a6d53.dir\build.make /nologo -L                  CMakeFiles\cmTC_a6d53.dir\build
Building C object CMakeFiles/cmTC_a6d53.dir/CMakeCCompilerABI.c.obj
	"E:\Apps\Microsoft Visual Studio\2019\Professional\VC\Tools\MSVC\14.28.29910\bin\Hostx86\x86\cl.exe" @C:\Users\RAMIND~1\AppData\Local\Temp\nm6DBB.tmp
CMakeCCompilerABI.c
Linking C executable cmTC_a6d53.exe
	"C:\Program Files\JetBrains\CLion 2021.1.1\bin\cmake\win\bin\cmake.exe" -E vs_link_exe --intdir=CMakeFiles\cmTC_a6d53.dir --rc=C:\PROGRA~2\WI3CF2~1\10\bin\100190~1.0\x86\rc.exe --mt=C:\PROGRA~2\WI3CF2~1\10\bin\100190~1.0\x86\mt.exe --manifests -- "E:\Apps\Microsoft Visual Studio\2019\Professional\VC\Tools\MSVC\14.28.29910\bin\Hostx86\x86\link.exe" /nologo @CMakeFiles\cmTC_a6d53.dir\objects1.rsp @C:\Users\RAMIND~1\AppData\Local\Temp\nm6FB0.tmp



